This is pdfTeX, Version 3.14159265-2.6-1.40.18 (MiKTeX 2.9.6350 64-bit) (preloaded format=pdflatex 2017.8.8)  20 OCT 2017 19:44
entering extended mode
**C:/Users/charf/OneDrive/Documents/GitHub/SEL/Bluesheets/Society.tex
(C:/Users/charf/OneDrive/Documents/GitHub/SEL/Bluesheets/Society.tex
LaTeX2e <2017-04-15>
Babel <3.10> and hyphenation patterns for 75 language(s) loaded.
(Sel.cls (Sel_path.cls)
! I can't find file `/Users/maitreebanerjee/documents/Sel/LaTeX/gametex.sty'.
l.250 \input \latex/gametex.sty
                               
Please type another input file name
! Emergency stop.
l.250 \input \latex/gametex.sty
                               
*** (job aborted, file error in nonstop mode)

 
Here is how much of TeX's memory you used:
 73 strings out of 493323
 901 string characters out of 3139067
 53648 words of memory out of 3000000
 3701 multiletter control sequences out of 15000+200000
 3640 words of font info for 14 fonts, out of 3000000 for 9000
 1141 hyphenation exceptions out of 8191
 11i,0n,7p,467b,8s stack positions out of 5000i,500n,10000p,200000b,50000s
!  ==> Fatal error occurred, no output PDF file produced!
