This is pdfTeX, Version 3.14159265-2.6-1.40.16 (TeX Live 2015) (preloaded format=pdflatex 2015.5.24)  14 OCT 2017 17:33
entering extended mode
 restricted \write18 enabled.
 %&-line parsing enabled.
**listchar-PRINT.tex
(./listchar-PRINT.tex
LaTeX2e <2015/01/01>
Babel <3.9l> and hyphenation patterns for 79 languages loaded.
(./Sel.cls (./Sel_path.cls)
! I can't find file `/Users/maitreebanerjee/documents/Sel/LaTeX/gametex.sty'.
l.250 \input \latex/gametex.sty
                               
(Press Enter to retry, or Control-D to exit)
Please type another input file name
! Emergency stop.
l.250 \input \latex/gametex.sty
                               
*** (job aborted, file error in nonstop mode)

 
Here is how much of TeX's memory you used:
 71 strings out of 493089
 805 string characters out of 6134842
 53199 words of memory out of 5000000
 3646 multiletter control sequences out of 15000+600000
 3640 words of font info for 14 fonts, out of 8000000 for 9000
 1141 hyphenation exceptions out of 8191
 11i,0n,7p,417b,8s stack positions out of 5000i,500n,10000p,200000b,80000s
!  ==> Fatal error occurred, no output PDF file produced!
